  Renderer.cpp
C:\Computer-Graphics\CG_Team_Project\Emotion\Renderer.cpp(38,16): error C3861: 'glCreateShader': 식별자를 찾을 수 없습니다.
C:\Computer-Graphics\CG_Team_Project\Emotion\Renderer.cpp(39,5): error C3861: 'glShaderSource': 식별자를 찾을 수 없습니다.
C:\Computer-Graphics\CG_Team_Project\Emotion\Renderer.cpp(40,5): error C3861: 'glCompileShader': 식별자를 찾을 수 없습니다.
C:\Computer-Graphics\CG_Team_Project\Emotion\Renderer.cpp(43,22): error C2065: 'GL_COMPILE_STATUS': 선언되지 않은 식별자입니다.
C:\Computer-Graphics\CG_Team_Project\Emotion\Renderer.cpp(43,5): error C3861: 'glGetShaderiv': 식별자를 찾을 수 없습니다.
C:\Computer-Graphics\CG_Team_Project\Emotion\Renderer.cpp(46,9): error C3861: 'glGetShaderInfoLog': 식별자를 찾을 수 없습니다.
C:\Computer-Graphics\CG_Team_Project\Emotion\Renderer.cpp(48,9): error C3861: 'glDeleteShader': 식별자를 찾을 수 없습니다.
C:\Computer-Graphics\CG_Team_Project\Emotion\Renderer.cpp(62,30): error C2065: 'GL_VERTEX_SHADER': 선언되지 않은 식별자입니다.
C:\Computer-Graphics\CG_Team_Project\Emotion\Renderer.cpp(63,30): error C2065: 'GL_FRAGMENT_SHADER': 선언되지 않은 식별자입니다.
C:\Computer-Graphics\CG_Team_Project\Emotion\Renderer.cpp(66,16): error C3861: 'glCreateProgram': 식별자를 찾을 수 없습니다.
C:\Computer-Graphics\CG_Team_Project\Emotion\Renderer.cpp(67,5): error C3861: 'glAttachShader': 식별자를 찾을 수 없습니다.
C:\Computer-Graphics\CG_Team_Project\Emotion\Renderer.cpp(68,5): error C3861: 'glAttachShader': 식별자를 찾을 수 없습니다.
C:\Computer-Graphics\CG_Team_Project\Emotion\Renderer.cpp(69,5): error C3861: 'glLinkProgram': 식별자를 찾을 수 없습니다.
C:\Computer-Graphics\CG_Team_Project\Emotion\Renderer.cpp(71,5): error C3861: 'glDeleteShader': 식별자를 찾을 수 없습니다.
C:\Computer-Graphics\CG_Team_Project\Emotion\Renderer.cpp(72,5): error C3861: 'glDeleteShader': 식별자를 찾을 수 없습니다.
C:\Computer-Graphics\CG_Team_Project\Emotion\Renderer.cpp(75,23): error C2065: 'GL_LINK_STATUS': 선언되지 않은 식별자입니다.
C:\Computer-Graphics\CG_Team_Project\Emotion\Renderer.cpp(75,5): error C3861: 'glGetProgramiv': 식별자를 찾을 수 없습니다.
C:\Computer-Graphics\CG_Team_Project\Emotion\Renderer.cpp(78,9): error C3861: 'glGetProgramInfoLog': 식별자를 찾을 수 없습니다.
C:\Computer-Graphics\CG_Team_Project\Emotion\Renderer.cpp(80,9): error C3861: 'glDeleteProgram': 식별자를 찾을 수 없습니다.
C:\Computer-Graphics\CG_Team_Project\Emotion\Renderer.cpp(319,5): error C3861: 'glUseProgram': 식별자를 찾을 수 없습니다.
C:\Computer-Graphics\CG_Team_Project\Emotion\Renderer.cpp(321,21): error C2065: 'GL_TEXTURE0': 선언되지 않은 식별자입니다.
C:\Computer-Graphics\CG_Team_Project\Emotion\Renderer.cpp(321,5): error C3861: 'glActiveTexture': 식별자를 찾을 수 없습니다.
C:\Computer-Graphics\CG_Team_Project\Emotion\Renderer.cpp(323,17): error C3861: 'glGetUniformLocation': 식별자를 찾을 수 없습니다.
C:\Computer-Graphics\CG_Team_Project\Emotion\Renderer.cpp(323,5): error C3861: 'glUniform1i': 식별자를 찾을 수 없습니다.
C:\Computer-Graphics\CG_Team_Project\Emotion\Renderer.cpp(325,21): error C2065: 'GL_TEXTURE1': 선언되지 않은 식별자입니다.
C:\Computer-Graphics\CG_Team_Project\Emotion\Renderer.cpp(325,5): error C3861: 'glActiveTexture': 식별자를 찾을 수 없습니다.
C:\Computer-Graphics\CG_Team_Project\Emotion\Renderer.cpp(327,17): error C3861: 'glGetUniformLocation': 식별자를 찾을 수 없습니다.
C:\Computer-Graphics\CG_Team_Project\Emotion\Renderer.cpp(327,5): error C3861: 'glUniform1i': 식별자를 찾을 수 없습니다.
C:\Computer-Graphics\CG_Team_Project\Emotion\Renderer.cpp(329,17): error C3861: 'glGetUniformLocation': 식별자를 찾을 수 없습니다.
C:\Computer-Graphics\CG_Team_Project\Emotion\Renderer.cpp(329,5): error C3861: 'glUniform1f': 식별자를 찾을 수 없습니다.
C:\Computer-Graphics\CG_Team_Project\Emotion\Renderer.cpp(339,5): error C3861: 'glUseProgram': 식별자를 찾을 수 없습니다.
C:\Computer-Graphics\CG_Team_Project\Emotion\Renderer.cpp(341,21): error C2065: 'GL_TEXTURE1': 선언되지 않은 식별자입니다.
C:\Computer-Graphics\CG_Team_Project\Emotion\Renderer.cpp(341,5): error C3861: 'glActiveTexture': 식별자를 찾을 수 없습니다.
C:\Computer-Graphics\CG_Team_Project\Emotion\Renderer.cpp(343,21): error C2065: 'GL_TEXTURE0': 선언되지 않은 식별자입니다.
C:\Computer-Graphics\CG_Team_Project\Emotion\Renderer.cpp(343,5): error C3861: 'glActiveTexture': 식별자를 찾을 수 없습니다.
